

Started GET "/" for 127.0.0.1 at 2014-12-11 23:40:01 +0800

LoadError (No such file to load -- pry):
  activesupport (4.1.4) lib/active_support/dependencies.rb:247:in `require'
  activesupport (4.1.4) lib/active_support/dependencies.rb:247:in `block in require'
  activesupport (4.1.4) lib/active_support/dependencies.rb:230:in `block in load_dependency'
  activesupport (4.1.4) lib/active_support/dependencies.rb:633:in `new_constants_in'
  activesupport (4.1.4) lib/active_support/dependencies.rb:230:in `load_dependency'
  activesupport (4.1.4) lib/active_support/dependencies.rb:247:in `require'
  /Users/ian/Dropbox/Project/sortable_for_rails/app/helpers/sortable_helper.rb:3:in `<top (required)>'
  activesupport (4.1.4) lib/active_support/dependencies.rb:443:in `load'
  activesupport (4.1.4) lib/active_support/dependencies.rb:443:in `block in load_file'
  activesupport (4.1.4) lib/active_support/dependencies.rb:633:in `new_constants_in'
  activesupport (4.1.4) lib/active_support/dependencies.rb:442:in `load_file'
  activesupport (4.1.4) lib/active_support/dependencies.rb:342:in `require_or_load'
  activesupport (4.1.4) lib/active_support/dependencies.rb:307:in `depend_on'
  activesupport (4.1.4) lib/active_support/dependencies.rb:225:in `require_dependency'
  actionpack (4.1.4) lib/abstract_controller/helpers.rb:152:in `block in modules_for_helpers'
  actionpack (4.1.4) lib/abstract_controller/helpers.rb:147:in `map!'
  actionpack (4.1.4) lib/abstract_controller/helpers.rb:147:in `modules_for_helpers'
  actionpack (4.1.4) lib/action_controller/metal/helpers.rb:93:in `modules_for_helpers'
  actionpack (4.1.4) lib/abstract_controller/helpers.rb:111:in `helper'
  actionpack (4.1.4) lib/action_controller/railties/helpers.rb:17:in `inherited'
  railties (4.1.4) lib/rails/application_controller.rb:1:in `<top (required)>'
  activesupport (4.1.4) lib/active_support/dependencies.rb:247:in `require'
  activesupport (4.1.4) lib/active_support/dependencies.rb:247:in `block in require'
  activesupport (4.1.4) lib/active_support/dependencies.rb:232:in `load_dependency'
  activesupport (4.1.4) lib/active_support/dependencies.rb:247:in `require'
  railties (4.1.4) lib/rails/welcome_controller.rb:1:in `<top (required)>'
  activesupport (4.1.4) lib/active_support/inflector/methods.rb:240:in `const_get'
  activesupport (4.1.4) lib/active_support/inflector/methods.rb:240:in `block in constantize'
  activesupport (4.1.4) lib/active_support/inflector/methods.rb:236:in `each'
  activesupport (4.1.4) lib/active_support/inflector/methods.rb:236:in `inject'
  activesupport (4.1.4) lib/active_support/inflector/methods.rb:236:in `constantize'
  activesupport (4.1.4) lib/active_support/dependencies.rb:552:in `get'
  activesupport (4.1.4) lib/active_support/dependencies.rb:583:in `constantize'
  actionpack (4.1.4) lib/action_dispatch/routing/route_set.rb:78:in `controller_reference'
  actionpack (4.1.4) lib/action_dispatch/routing/route_set.rb:68:in `controller'
  actionpack (4.1.4) lib/action_dispatch/routing/route_set.rb:46:in `call'
  actionpack (4.1.4) lib/action_dispatch/journey/router.rb:71:in `block in call'
  actionpack (4.1.4) lib/action_dispatch/journey/router.rb:59:in `each'
  actionpack (4.1.4) lib/action_dispatch/journey/router.rb:59:in `call'
  actionpack (4.1.4) lib/action_dispatch/routing/route_set.rb:678:in `call'
  rack (1.5.2) lib/rack/etag.rb:23:in `call'
  rack (1.5.2) lib/rack/conditionalget.rb:25:in `call'
  rack (1.5.2) lib/rack/head.rb:11:in `call'
  actionpack (4.1.4) lib/action_dispatch/middleware/params_parser.rb:27:in `call'
  actionpack (4.1.4) lib/action_dispatch/middleware/flash.rb:254:in `call'
  rack (1.5.2) lib/rack/session/abstract/id.rb:225:in `context'
  rack (1.5.2) lib/rack/session/abstract/id.rb:220:in `call'
  actionpack (4.1.4) lib/action_dispatch/middleware/cookies.rb:560:in `call'
  activerecord (4.1.4) lib/active_record/query_cache.rb:36:in `call'
  activerecord (4.1.4) lib/active_record/connection_adapters/abstract/connection_pool.rb:621:in `call'
  activerecord (4.1.4) lib/active_record/migration.rb:380:in `call'
  actionpack (4.1.4) lib/action_dispatch/middleware/callbacks.rb:29:in `block in call'
  activesupport (4.1.4) lib/active_support/callbacks.rb:82:in `run_callbacks'
  actionpack (4.1.4) lib/action_dispatch/middleware/callbacks.rb:27:in `call'
  actionpack (4.1.4) lib/action_dispatch/middleware/reloader.rb:73:in `call'
  actionpack (4.1.4) lib/action_dispatch/middleware/remote_ip.rb:76:in `call'
  actionpack (4.1.4) lib/action_dispatch/middleware/debug_exceptions.rb:17:in `call'
  actionpack (4.1.4) lib/action_dispatch/middleware/show_exceptions.rb:30:in `call'
  railties (4.1.4) lib/rails/rack/logger.rb:38:in `call_app'
  railties (4.1.4) lib/rails/rack/logger.rb:20:in `block in call'
  activesupport (4.1.4) lib/active_support/tagged_logging.rb:68:in `block in tagged'
  activesupport (4.1.4) lib/active_support/tagged_logging.rb:26:in `tagged'
  activesupport (4.1.4) lib/active_support/tagged_logging.rb:68:in `tagged'
  railties (4.1.4) lib/rails/rack/logger.rb:20:in `call'
  actionpack (4.1.4) lib/action_dispatch/middleware/request_id.rb:21:in `call'
  rack (1.5.2) lib/rack/methodoverride.rb:21:in `call'
  rack (1.5.2) lib/rack/runtime.rb:17:in `call'
  activesupport (4.1.4) lib/active_support/cache/strategy/local_cache_middleware.rb:26:in `call'
  rack (1.5.2) lib/rack/lock.rb:17:in `call'
  actionpack (4.1.4) lib/action_dispatch/middleware/static.rb:64:in `call'
  rack (1.5.2) lib/rack/sendfile.rb:112:in `call'
  railties (4.1.4) lib/rails/engine.rb:514:in `call'
  railties (4.1.4) lib/rails/application.rb:144:in `call'
  rack (1.5.2) lib/rack/lock.rb:17:in `call'
  rack (1.5.2) lib/rack/content_length.rb:14:in `call'
  rack (1.5.2) lib/rack/handler/webrick.rb:60:in `service'
  /Users/ian/.rbenv/versions/2.1.3/lib/ruby/2.1.0/webrick/httpserver.rb:138:in `service'
  /Users/ian/.rbenv/versions/2.1.3/lib/ruby/2.1.0/webrick/httpserver.rb:94:in `run'
  /Users/ian/.rbenv/versions/2.1.3/lib/ruby/2.1.0/webrick/server.rb:295:in `block in start_thread'


  Rendered /Users/ian/.rbenv/versions/2.1.3/lib/ruby/gems/2.1.0/gems/actionpack-4.1.4/lib/action_dispatch/middleware/templates/rescues/_source.erb (0.8ms)
  Rendered /Users/ian/.rbenv/versions/2.1.3/lib/ruby/gems/2.1.0/gems/actionpack-4.1.4/lib/action_dispatch/middleware/templates/rescues/_trace.html.erb (1.3ms)
  Rendered /Users/ian/.rbenv/versions/2.1.3/lib/ruby/gems/2.1.0/gems/actionpack-4.1.4/lib/action_dispatch/middleware/templates/rescues/_request_and_response.html.erb (10.6ms)
  Rendered /Users/ian/.rbenv/versions/2.1.3/lib/ruby/gems/2.1.0/gems/actionpack-4.1.4/lib/action_dispatch/middleware/templates/rescues/diagnostics.erb within rescues/layout (32.4ms)


Started GET "/apple-touch-icon-precomposed.png" for 127.0.0.1 at 2014-12-11 23:40:01 +0800

ActionController::RoutingError (No route matches [GET] "/apple-touch-icon-precomposed.png"):
  actionpack (4.1.4) lib/action_dispatch/middleware/debug_exceptions.rb:21:in `call'
  actionpack (4.1.4) lib/action_dispatch/middleware/show_exceptions.rb:30:in `call'
  railties (4.1.4) lib/rails/rack/logger.rb:38:in `call_app'
  railties (4.1.4) lib/rails/rack/logger.rb:20:in `block in call'
  activesupport (4.1.4) lib/active_support/tagged_logging.rb:68:in `block in tagged'
  activesupport (4.1.4) lib/active_support/tagged_logging.rb:26:in `tagged'
  activesupport (4.1.4) lib/active_support/tagged_logging.rb:68:in `tagged'
  railties (4.1.4) lib/rails/rack/logger.rb:20:in `call'
  actionpack (4.1.4) lib/action_dispatch/middleware/request_id.rb:21:in `call'
  rack (1.5.2) lib/rack/methodoverride.rb:21:in `call'
  rack (1.5.2) lib/rack/runtime.rb:17:in `call'
  activesupport (4.1.4) lib/active_support/cache/strategy/local_cache_middleware.rb:26:in `call'
  rack (1.5.2) lib/rack/lock.rb:17:in `call'
  actionpack (4.1.4) lib/action_dispatch/middleware/static.rb:64:in `call'
  rack (1.5.2) lib/rack/sendfile.rb:112:in `call'
  railties (4.1.4) lib/rails/engine.rb:514:in `call'
  railties (4.1.4) lib/rails/application.rb:144:in `call'
  rack (1.5.2) lib/rack/lock.rb:17:in `call'
  rack (1.5.2) lib/rack/content_length.rb:14:in `call'
  rack (1.5.2) lib/rack/handler/webrick.rb:60:in `service'
  /Users/ian/.rbenv/versions/2.1.3/lib/ruby/2.1.0/webrick/httpserver.rb:138:in `service'
  /Users/ian/.rbenv/versions/2.1.3/lib/ruby/2.1.0/webrick/httpserver.rb:94:in `run'
  /Users/ian/.rbenv/versions/2.1.3/lib/ruby/2.1.0/webrick/server.rb:295:in `block in start_thread'


  Rendered /Users/ian/.rbenv/versions/2.1.3/lib/ruby/gems/2.1.0/gems/actionpack-4.1.4/lib/action_dispatch/middleware/templates/rescues/_trace.html.erb (1.5ms)
  Rendered /Users/ian/.rbenv/versions/2.1.3/lib/ruby/gems/2.1.0/gems/actionpack-4.1.4/lib/action_dispatch/middleware/templates/routes/_table.html.erb (8.6ms)
  Rendered /Users/ian/.rbenv/versions/2.1.3/lib/ruby/gems/2.1.0/gems/actionpack-4.1.4/lib/action_dispatch/middleware/templates/rescues/routing_error.html.erb within rescues/layout (28.7ms)


Started GET "/apple-touch-icon.png" for 127.0.0.1 at 2014-12-11 23:40:01 +0800

ActionController::RoutingError (No route matches [GET] "/apple-touch-icon.png"):
  actionpack (4.1.4) lib/action_dispatch/middleware/debug_exceptions.rb:21:in `call'
  actionpack (4.1.4) lib/action_dispatch/middleware/show_exceptions.rb:30:in `call'
  railties (4.1.4) lib/rails/rack/logger.rb:38:in `call_app'
  railties (4.1.4) lib/rails/rack/logger.rb:20:in `block in call'
  activesupport (4.1.4) lib/active_support/tagged_logging.rb:68:in `block in tagged'
  activesupport (4.1.4) lib/active_support/tagged_logging.rb:26:in `tagged'
  activesupport (4.1.4) lib/active_support/tagged_logging.rb:68:in `tagged'
  railties (4.1.4) lib/rails/rack/logger.rb:20:in `call'
  actionpack (4.1.4) lib/action_dispatch/middleware/request_id.rb:21:in `call'
  rack (1.5.2) lib/rack/methodoverride.rb:21:in `call'
  rack (1.5.2) lib/rack/runtime.rb:17:in `call'
  activesupport (4.1.4) lib/active_support/cache/strategy/local_cache_middleware.rb:26:in `call'
  rack (1.5.2) lib/rack/lock.rb:17:in `call'
  actionpack (4.1.4) lib/action_dispatch/middleware/static.rb:64:in `call'
  rack (1.5.2) lib/rack/sendfile.rb:112:in `call'
  railties (4.1.4) lib/rails/engine.rb:514:in `call'
  railties (4.1.4) lib/rails/application.rb:144:in `call'
  rack (1.5.2) lib/rack/lock.rb:17:in `call'
  rack (1.5.2) lib/rack/content_length.rb:14:in `call'
  rack (1.5.2) lib/rack/handler/webrick.rb:60:in `service'
  /Users/ian/.rbenv/versions/2.1.3/lib/ruby/2.1.0/webrick/httpserver.rb:138:in `service'
  /Users/ian/.rbenv/versions/2.1.3/lib/ruby/2.1.0/webrick/httpserver.rb:94:in `run'
  /Users/ian/.rbenv/versions/2.1.3/lib/ruby/2.1.0/webrick/server.rb:295:in `block in start_thread'


  Rendered /Users/ian/.rbenv/versions/2.1.3/lib/ruby/gems/2.1.0/gems/actionpack-4.1.4/lib/action_dispatch/middleware/templates/rescues/_trace.html.erb (1.4ms)
  Rendered /Users/ian/.rbenv/versions/2.1.3/lib/ruby/gems/2.1.0/gems/actionpack-4.1.4/lib/action_dispatch/middleware/templates/routes/_table.html.erb (1.5ms)
  Rendered /Users/ian/.rbenv/versions/2.1.3/lib/ruby/gems/2.1.0/gems/actionpack-4.1.4/lib/action_dispatch/middleware/templates/rescues/routing_error.html.erb within rescues/layout (14.5ms)


Started GET "/" for 127.0.0.1 at 2014-12-12 08:39:32 +0800
Processing by Rails::WelcomeController#index as HTML
  Rendered /Users/ian/.rbenv/versions/2.1.3/lib/ruby/gems/2.1.0/gems/railties-4.1.4/lib/rails/templates/rails/welcome/index.html.erb (5.7ms)
Completed 200 OK in 20ms (Views: 15.1ms | ActiveRecord: 0.0ms)


Started GET "/" for 127.0.0.1 at 2014-12-12 08:39:32 +0800
Processing by Rails::WelcomeController#index as HTML
  Rendered /Users/ian/.rbenv/versions/2.1.3/lib/ruby/gems/2.1.0/gems/railties-4.1.4/lib/rails/templates/rails/welcome/index.html.erb (0.2ms)
Completed 200 OK in 2ms (Views: 1.2ms | ActiveRecord: 0.0ms)


Started GET "/apple-touch-icon-precomposed.png" for 127.0.0.1 at 2014-12-12 08:39:32 +0800

ActionController::RoutingError (No route matches [GET] "/apple-touch-icon-precomposed.png"):
  actionpack (4.1.4) lib/action_dispatch/middleware/debug_exceptions.rb:21:in `call'
  actionpack (4.1.4) lib/action_dispatch/middleware/show_exceptions.rb:30:in `call'
  railties (4.1.4) lib/rails/rack/logger.rb:38:in `call_app'
  railties (4.1.4) lib/rails/rack/logger.rb:20:in `block in call'
  activesupport (4.1.4) lib/active_support/tagged_logging.rb:68:in `block in tagged'
  activesupport (4.1.4) lib/active_support/tagged_logging.rb:26:in `tagged'
  activesupport (4.1.4) lib/active_support/tagged_logging.rb:68:in `tagged'
  railties (4.1.4) lib/rails/rack/logger.rb:20:in `call'
  actionpack (4.1.4) lib/action_dispatch/middleware/request_id.rb:21:in `call'
  rack (1.5.2) lib/rack/methodoverride.rb:21:in `call'
  rack (1.5.2) lib/rack/runtime.rb:17:in `call'
  activesupport (4.1.4) lib/active_support/cache/strategy/local_cache_middleware.rb:26:in `call'
  rack (1.5.2) lib/rack/lock.rb:17:in `call'
  actionpack (4.1.4) lib/action_dispatch/middleware/static.rb:64:in `call'
  rack (1.5.2) lib/rack/sendfile.rb:112:in `call'
  railties (4.1.4) lib/rails/engine.rb:514:in `call'
  railties (4.1.4) lib/rails/application.rb:144:in `call'
  rack (1.5.2) lib/rack/lock.rb:17:in `call'
  rack (1.5.2) lib/rack/content_length.rb:14:in `call'
  rack (1.5.2) lib/rack/handler/webrick.rb:60:in `service'
  /Users/ian/.rbenv/versions/2.1.3/lib/ruby/2.1.0/webrick/httpserver.rb:138:in `service'
  /Users/ian/.rbenv/versions/2.1.3/lib/ruby/2.1.0/webrick/httpserver.rb:94:in `run'
  /Users/ian/.rbenv/versions/2.1.3/lib/ruby/2.1.0/webrick/server.rb:295:in `block in start_thread'


  Rendered /Users/ian/.rbenv/versions/2.1.3/lib/ruby/gems/2.1.0/gems/actionpack-4.1.4/lib/action_dispatch/middleware/templates/rescues/_trace.html.erb (3.7ms)
  Rendered /Users/ian/.rbenv/versions/2.1.3/lib/ruby/gems/2.1.0/gems/actionpack-4.1.4/lib/action_dispatch/middleware/templates/routes/_table.html.erb (3.0ms)
  Rendered /Users/ian/.rbenv/versions/2.1.3/lib/ruby/gems/2.1.0/gems/actionpack-4.1.4/lib/action_dispatch/middleware/templates/rescues/routing_error.html.erb within rescues/layout (23.5ms)


Started GET "/apple-touch-icon.png" for 127.0.0.1 at 2014-12-12 08:39:32 +0800

ActionController::RoutingError (No route matches [GET] "/apple-touch-icon.png"):
  actionpack (4.1.4) lib/action_dispatch/middleware/debug_exceptions.rb:21:in `call'
  actionpack (4.1.4) lib/action_dispatch/middleware/show_exceptions.rb:30:in `call'
  railties (4.1.4) lib/rails/rack/logger.rb:38:in `call_app'
  railties (4.1.4) lib/rails/rack/logger.rb:20:in `block in call'
  activesupport (4.1.4) lib/active_support/tagged_logging.rb:68:in `block in tagged'
  activesupport (4.1.4) lib/active_support/tagged_logging.rb:26:in `tagged'
  activesupport (4.1.4) lib/active_support/tagged_logging.rb:68:in `tagged'
  railties (4.1.4) lib/rails/rack/logger.rb:20:in `call'
  actionpack (4.1.4) lib/action_dispatch/middleware/request_id.rb:21:in `call'
  rack (1.5.2) lib/rack/methodoverride.rb:21:in `call'
  rack (1.5.2) lib/rack/runtime.rb:17:in `call'
  activesupport (4.1.4) lib/active_support/cache/strategy/local_cache_middleware.rb:26:in `call'
  rack (1.5.2) lib/rack/lock.rb:17:in `call'
  actionpack (4.1.4) lib/action_dispatch/middleware/static.rb:64:in `call'
  rack (1.5.2) lib/rack/sendfile.rb:112:in `call'
  railties (4.1.4) lib/rails/engine.rb:514:in `call'
  railties (4.1.4) lib/rails/application.rb:144:in `call'
  rack (1.5.2) lib/rack/lock.rb:17:in `call'
  rack (1.5.2) lib/rack/content_length.rb:14:in `call'
  rack (1.5.2) lib/rack/handler/webrick.rb:60:in `service'
  /Users/ian/.rbenv/versions/2.1.3/lib/ruby/2.1.0/webrick/httpserver.rb:138:in `service'
  /Users/ian/.rbenv/versions/2.1.3/lib/ruby/2.1.0/webrick/httpserver.rb:94:in `run'
  /Users/ian/.rbenv/versions/2.1.3/lib/ruby/2.1.0/webrick/server.rb:295:in `block in start_thread'


  Rendered /Users/ian/.rbenv/versions/2.1.3/lib/ruby/gems/2.1.0/gems/actionpack-4.1.4/lib/action_dispatch/middleware/templates/rescues/_trace.html.erb (2.5ms)
  Rendered /Users/ian/.rbenv/versions/2.1.3/lib/ruby/gems/2.1.0/gems/actionpack-4.1.4/lib/action_dispatch/middleware/templates/routes/_table.html.erb (2.0ms)
  Rendered /Users/ian/.rbenv/versions/2.1.3/lib/ruby/gems/2.1.0/gems/actionpack-4.1.4/lib/action_dispatch/middleware/templates/rescues/routing_error.html.erb within rescues/layout (16.7ms)


Started GET "/" for 127.0.0.1 at 2014-12-12 08:49:00 +0800
Processing by Rails::WelcomeController#index as HTML
  Rendered /Users/ian/.rbenv/versions/2.1.3/lib/ruby/gems/2.1.0/gems/railties-4.1.4/lib/rails/templates/rails/welcome/index.html.erb (0.1ms)
Completed 200 OK in 2ms (Views: 1.1ms | ActiveRecord: 0.0ms)


Started GET "/" for 127.0.0.1 at 2014-12-12 08:49:51 +0800
Processing by Rails::WelcomeController#index as HTML
  Rendered /Users/ian/.rbenv/versions/2.1.3/lib/ruby/gems/2.1.0/gems/railties-4.1.4/lib/rails/templates/rails/welcome/index.html.erb (0.0ms)
Completed 200 OK in 1ms (Views: 1.0ms | ActiveRecord: 0.0ms)


Started GET "/rails/info/properties" for 127.0.0.1 at 2014-12-12 08:49:53 +0800
Processing by Rails::InfoController#properties as */*
  Rendered /Users/ian/.rbenv/versions/2.1.3/lib/ruby/gems/2.1.0/gems/railties-4.1.4/lib/rails/templates/rails/info/properties.html.erb (0.4ms)
Completed 200 OK in 95ms (Views: 11.2ms | ActiveRecord: 4.4ms)
